# JRE version: OpenJDK Runtime Environment (8.0_242-b01) (build 1.8.0_242-release-1644-b01)
# Java VM: OpenJDK 64-Bit Server VM (25.242-b01 mixed mode windows-amd64 compressed oops)
Heap:
 PSYoungGen      total 650240K, used 378960K [0x00000000d5580000, 0x0000000100000000, 0x0000000100000000)
  eden space 606208K, 55% used [0x00000000d5580000,0x00000000e9c9a738,0x00000000fa580000)
  from space 44032K, 99% used [0x00000000fa580000,0x00000000fd079a68,0x00000000fd080000)
  to   space 48640K, 0% used [0x00000000fd080000,0x00000000fd080000,0x0000000100000000)
 ParOldGen       total 747008K, used 561540K [0x0000000080000000, 0x00000000ad980000, 0x00000000d5580000)
  object space 747008K, 75% used [0x0000000080000000,0x00000000a2461320,0x00000000ad980000)
 Metaspace       used 193573K, capacity 204460K, committed 205760K, reserved 1228800K
  class space    used 24053K, capacity 26037K, committed 26328K, reserved 1048576K
GC Heap History (10 events):
Event: 3394.025 GC heap before
{Heap before GC invocations=91 (full 6):
 PSYoungGen      total 638976K, used 594125K [0x00000000d5580000, 0x00000000ffa00000, 0x0000000100000000)
  eden space 587264K, 100% used [0x00000000d5580000,0x00000000f9300000,0x00000000f9300000)
  from space 51712K, 13% used [0x00000000fc780000,0x00000000fce33710,0x00000000ffa00000)
  to   space 52736K, 0% used [0x00000000f9300000,0x00000000f9300000,0x00000000fc680000)
 ParOldGen       total 747008K, used 523617K [0x0000000080000000, 0x00000000ad980000, 0x00000000d5580000)
  object space 747008K, 70% used [0x0000000080000000,0x000000009ff585f0,0x00000000ad980000)
 Metaspace       used 193462K, capacity 204356K, committed 205504K, reserved 1228800K
  class space    used 24047K, capacity 26031K, committed 26328K, reserved 1048576K
Event: 3394.036 GC heap after
Heap after GC invocations=91 (full 6):
 PSYoungGen      total 640000K, used 8565K [0x00000000d5580000, 0x00000000ffd00000, 0x0000000100000000)
  eden space 587264K, 0% used [0x00000000d5580000,0x00000000d5580000,0x00000000f9300000)
  from space 52736K, 16% used [0x00000000f9300000,0x00000000f9b5d7e0,0x00000000fc680000)
  to   space 50688K, 0% used [0x00000000fcb80000,0x00000000fcb80000,0x00000000ffd00000)
 ParOldGen       total 747008K, used 526198K [0x0000000080000000, 0x00000000ad980000, 0x00000000d5580000)
  object space 747008K, 70% used [0x0000000080000000,0x00000000a01dda88,0x00000000ad980000)
 Metaspace       used 193462K, capacity 204356K, committed 205504K, reserved 1228800K
  class space    used 24047K, capacity 26031K, committed 26328K, reserved 1048576K
}
Event: 3394.444 GC heap before
{Heap before GC invocations=92 (full 6):
 PSYoungGen      total 640000K, used 595829K [0x00000000d5580000, 0x00000000ffd00000, 0x0000000100000000)
  eden space 587264K, 100% used [0x00000000d5580000,0x00000000f9300000,0x00000000f9300000)
  from space 52736K, 16% used [0x00000000f9300000,0x00000000f9b5d7e0,0x00000000fc680000)
  to   space 50688K, 0% used [0x00000000fcb80000,0x00000000fcb80000,0x00000000ffd00000)
 ParOldGen       total 747008K, used 526198K [0x0000000080000000, 0x00000000ad980000, 0x00000000d5580000)
  object space 747008K, 70% used [0x0000000080000000,0x00000000a01dda88,0x00000000ad980000)
 Metaspace       used 193463K, capacity 204356K, committed 205504K, reserved 1228800K
  class space    used 24047K, capacity 26031K, committed 26328K, reserved 1048576K
Event: 3394.460 GC heap after
Heap after GC invocations=92 (full 6):
 PSYoungGen      total 641024K, used 12373K [0x00000000d5580000, 0x00000000ff800000, 0x0000000100000000)
  eden space 595456K, 0% used [0x00000000d5580000,0x00000000d5580000,0x00000000f9b00000)
  from space 45568K, 27% used [0x00000000fcb80000,0x00000000fd7957e0,0x00000000ff800000)
  to   space 47616K, 0% used [0x00000000f9b00000,0x00000000f9b00000,0x00000000fc980000)
 ParOldGen       total 747008K, used 529928K [0x0000000080000000, 0x00000000ad980000, 0x00000000d5580000)
  object space 747008K, 70% used [0x0000000080000000,0x00000000a0582158,0x00000000ad980000)
 Metaspace       used 193463K, capacity 204356K, committed 205504K, reserved 1228800K
  class space    used 24047K, capacity 26031K, committed 26328K, reserved 1048576K
}
Event: 3395.029 GC heap before
{Heap before GC invocations=93 (full 6):
 PSYoungGen      total 641024K, used 607829K [0x00000000d5580000, 0x00000000ff800000, 0x0000000100000000)
  eden space 595456K, 100% used [0x00000000d5580000,0x00000000f9b00000,0x00000000f9b00000)
  from space 45568K, 27% used [0x00000000fcb80000,0x00000000fd7957e0,0x00000000ff800000)
  to   space 47616K, 0% used [0x00000000f9b00000,0x00000000f9b00000,0x00000000fc980000)
 ParOldGen       total 747008K, used 529928K [0x0000000080000000, 0x00000000ad980000, 0x00000000d5580000)
  object space 747008K, 70% used [0x0000000080000000,0x00000000a0582158,0x00000000ad980000)
 Metaspace       used 193464K, capacity 204356K, committed 205504K, reserved 1228800K
  class space    used 24047K, capacity 26031K, committed 26328K, reserved 1048576K
Event: 3395.041 GC heap after
Heap after GC invocations=93 (full 6):
 PSYoungGen      total 643072K, used 11225K [0x00000000d5580000, 0x00000000ffd00000, 0x0000000100000000)
  eden space 595456K, 0% used [0x00000000d5580000,0x00000000d5580000,0x00000000f9b00000)
  from space 47616K, 23% used [0x00000000f9b00000,0x00000000fa5f6680,0x00000000fc980000)
  to   space 45056K, 0% used [0x00000000fd100000,0x00000000fd100000,0x00000000ffd00000)
 ParOldGen       total 747008K, used 533235K [0x0000000080000000, 0x00000000ad980000, 0x00000000d5580000)
  object space 747008K, 71% used [0x0000000080000000,0x00000000a08bcdd0,0x00000000ad980000)
 Metaspace       used 193464K, capacity 204356K, committed 205504K, reserved 1228800K
  class space    used 24047K, capacity 26031K, committed 26328K, reserved 1048576K
}
Event: 3395.876 GC heap before
{Heap before GC invocations=94 (full 6):
 PSYoungGen      total 643072K, used 606681K [0x00000000d5580000, 0x00000000ffd00000, 0x0000000100000000)
  eden space 595456K, 100% used [0x00000000d5580000,0x00000000f9b00000,0x00000000f9b00000)
  from space 47616K, 23% used [0x00000000f9b00000,0x00000000fa5f6680,0x00000000fc980000)
  to   space 45056K, 0% used [0x00000000fd100000,0x00000000fd100000,0x00000000ffd00000)
 ParOldGen       total 747008K, used 533235K [0x0000000080000000, 0x00000000ad980000, 0x00000000d5580000)
  object space 747008K, 71% used [0x0000000080000000,0x00000000a08bcdd0,0x00000000ad980000)
 Metaspace       used 193477K, capacity 204356K, committed 205504K, reserved 1228800K
  class space    used 24047K, capacity 26031K, committed 26328K, reserved 1048576K
Event: 3395.884 GC heap after
Heap after GC invocations=94 (full 6):
 PSYoungGen      total 649728K, used 3896K [0x00000000d5580000, 0x00000000ffb80000, 0x0000000100000000)
  eden space 606208K, 0% used [0x00000000d5580000,0x00000000d5580000,0x00000000fa580000)
  from space 43520K, 8% used [0x00000000fd100000,0x00000000fd4ce3b0,0x00000000ffb80000)
  to   space 44032K, 0% used [0x00000000fa580000,0x00000000fa580000,0x00000000fd080000)
 ParOldGen       total 747008K, used 535145K [0x0000000080000000, 0x00000000ad980000, 0x00000000d5580000)
  object space 747008K, 71% used [0x0000000080000000,0x00000000a0a9a508,0x00000000ad980000)
 Metaspace       used 193477K, capacity 204356K, committed 205504K, reserved 1228800K
  class space    used 24047K, capacity 26031K, committed 26328K, reserved 1048576K
}
Event: 3397.728 GC heap before
{Heap before GC invocations=95 (full 6):
 PSYoungGen      total 649728K, used 610104K [0x00000000d5580000, 0x00000000ffb80000, 0x0000000100000000)
  eden space 606208K, 100% used [0x00000000d5580000,0x00000000fa580000,0x00000000fa580000)
  from space 43520K, 8% used [0x00000000fd100000,0x00000000fd4ce3b0,0x00000000ffb80000)
  to   space 44032K, 0% used [0x00000000fa580000,0x00000000fa580000,0x00000000fd080000)
 ParOldGen       total 747008K, used 535145K [0x0000000080000000, 0x00000000ad980000, 0x00000000d5580000)
  object space 747008K, 71% used [0x0000000080000000,0x00000000a0a9a508,0x00000000ad980000)
 Metaspace       used 193525K, capacity 204390K, committed 205504K, reserved 1228800K
  class space    used 24049K, capacity 26036K, committed 26328K, reserved 1048576K
Event: 3397.768 GC heap after
Heap after GC invocations=95 (full 6):
 PSYoungGen      total 650240K, used 44006K [0x00000000d5580000, 0x0000000100000000, 0x0000000100000000)
  eden space 606208K, 0% used [0x00000000d5580000,0x00000000d5580000,0x00000000fa580000)
  from space 44032K, 99% used [0x00000000fa580000,0x00000000fd079a68,0x00000000fd080000)
  to   space 48640K, 0% used [0x00000000fd080000,0x00000000fd080000,0x0000000100000000)
 ParOldGen       total 747008K, used 561540K [0x0000000080000000, 0x00000000ad980000, 0x00000000d5580000)
  object space 747008K, 75% used [0x0000000080000000,0x00000000a2461320,0x00000000ad980000)
 Metaspace       used 193525K, capacity 204390K, committed 205504K, reserved 1228800K
  class space    used 24049K, capacity 26036K, committed 26328K, reserved 1048576K
}

